app/build/intermediates/manifest_merge_blame_file/debug/manifest-merger-blame-debug-report.txt
1<?xml version="1.0" encoding="utf-8"?>
2<manifest xmlns:android="http://schemas.android.com/apk/res/android"
3    package="com.example.bookbub"
4    android:versionCode="1"
5    android:versionName="1.0" >
6
7    <uses-sdk
8        android:minSdkVersion="16"
8-->src\main\AndroidManifest.xml
9        android:targetSdkVersion="31" />
9-->src\main\AndroidManifest.xml
10
11    <uses-permission android:name="android.permission.INTERNET" />
11-->src\main\AndroidManifest.xml:5:5-67
11-->src\main\AndroidManifest.xml:5:22-64
12
13    <application
13-->src\main\AndroidManifest.xml:7:5-43:19
14        android:allowBackup="true"
14-->src\main\AndroidManifest.xml:8:9-35
15        android:appComponentFactory="androidx.core.app.CoreComponentFactory"
15-->[androidx.core:core:1.7.0] AndroidManifest.xml:24:18-86
16        android:debuggable="true"
17        android:icon="@drawable/punjab_logo"
17-->src\main\AndroidManifest.xml:9:9-45
18        android:label="Punjab Biradari"
18-->src\main\AndroidManifest.xml:10:9-40
19        android:roundIcon="@mipmap/ic_launcher_round"
19-->src\main\AndroidManifest.xml:11:9-54
20        android:supportsRtl="true"
20-->src\main\AndroidManifest.xml:12:9-35
21        android:testOnly="true"
22        android:theme="@style/Theme.BookBub.NoActionBar"
22-->src\main\AndroidManifest.xml:14:9-57
23        android:usesCleartextTraffic="true" >
23-->src\main\AndroidManifest.xml:15:9-44
24        <activity
24-->src\main\AndroidManifest.xml:16:9-22:12
25            android:name="com.example.bookbub.SplashActivity"
25-->src\main\AndroidManifest.xml:16:19-49
26            android:exported="true" >
26-->src\main\AndroidManifest.xml:16:50-73
27            <intent-filter>
27-->src\main\AndroidManifest.xml:17:13-21:29
28                <action android:name="android.intent.action.MAIN" />
28-->src\main\AndroidManifest.xml:18:17-69
28-->src\main\AndroidManifest.xml:18:25-66
29
30                <category android:name="android.intent.category.LAUNCHER" />
30-->src\main\AndroidManifest.xml:20:17-77
30-->src\main\AndroidManifest.xml:20:27-74
31            </intent-filter>
32        </activity>
33        <activity
33-->src\main\AndroidManifest.xml:23:9-25:20
34            android:name="com.example.bookbub.LoginAndRegister"
34-->src\main\AndroidManifest.xml:23:19-51
35            android:exported="true" >
35-->src\main\AndroidManifest.xml:23:52-75
36        </activity>
37        <activity android:name="com.example.bookbub.BookDetailsActivity" >
37-->src\main\AndroidManifest.xml:26:9-28:20
37-->src\main\AndroidManifest.xml:26:19-54
38        </activity>
39        <activity
39-->src\main\AndroidManifest.xml:29:9-31:20
40            android:name="com.example.bookbub.AllBooks"
40-->src\main\AndroidManifest.xml:29:19-43
41            android:exported="true" >
41-->src\main\AndroidManifest.xml:29:44-67
42        </activity>
43        <activity android:name="com.example.bookbub.UserProfileFragment" />
43-->src\main\AndroidManifest.xml:32:9-57
43-->src\main\AndroidManifest.xml:32:19-54
44        <activity android:name="com.example.bookbub.MyBooksActivity" />
44-->src\main\AndroidManifest.xml:34:9-53
44-->src\main\AndroidManifest.xml:34:19-50
45        <activity
45-->src\main\AndroidManifest.xml:35:9-37:73
46            android:name="com.example.bookbub.AddBookActivity"
46-->src\main\AndroidManifest.xml:36:13-44
47            android:theme="@style/Theme.BookBub.NoActionBar" />
47-->src\main\AndroidManifest.xml:37:13-61
48        <activity android:name="com.example.bookbub.NewActivity" />
48-->src\main\AndroidManifest.xml:38:9-58
48-->src\main\AndroidManifest.xml:38:19-46
49        <activity android:name="com.example.bookbub.ActivityOne" />
49-->src\main\AndroidManifest.xml:39:9-49
49-->src\main\AndroidManifest.xml:39:19-46
50        <activity
50-->src\main\AndroidManifest.xml:40:9-42:20
51            android:name="com.example.bookbub.MainActivity"
51-->src\main\AndroidManifest.xml:40:19-47
52            android:exported="true" >
52-->src\main\AndroidManifest.xml:40:48-71
53        </activity>
54
55        <provider
55-->[androidx.emoji2:emoji2:1.0.0] AndroidManifest.xml:26:9-34:20
56            android:name="androidx.startup.InitializationProvider"
56-->[androidx.emoji2:emoji2:1.0.0] AndroidManifest.xml:27:13-67
57            android:authorities="com.example.bookbub.androidx-startup"
57-->[androidx.emoji2:emoji2:1.0.0] AndroidManifest.xml:28:13-68
58            android:exported="false" >
58-->[androidx.emoji2:emoji2:1.0.0] AndroidManifest.xml:29:13-37
59            <meta-data
59-->[androidx.emoji2:emoji2:1.0.0] AndroidManifest.xml:31:13-33:52
60                android:name="androidx.emoji2.text.EmojiCompatInitializer"
60-->[androidx.emoji2:emoji2:1.0.0] AndroidManifest.xml:32:17-75
61                android:value="androidx.startup" />
61-->[androidx.emoji2:emoji2:1.0.0] AndroidManifest.xml:33:17-49
62            <meta-data
62-->[androidx.lifecycle:lifecycle-process:2.4.0] AndroidManifest.xml:31:13-33:52
63                android:name="androidx.lifecycle.ProcessLifecycleInitializer"
63-->[androidx.lifecycle:lifecycle-process:2.4.0] AndroidManifest.xml:32:17-78
64                android:value="androidx.startup" />
64-->[androidx.lifecycle:lifecycle-process:2.4.0] AndroidManifest.xml:33:17-49
65        </provider>
66    </application>
67
68</manifest>